<?xml version="1.0" encoding="UTF-8"?>
<!-- Generated by org.testng.reporters.JUnitReportReporter -->
<testsuite hostname="DESKTOP-R6U42OA" failures="0" tests="8" name="runner.HomeRun" time="51.562" errors="0" timestamp="2024-11-27T22:37:40 IST" skipped="0">
  <testcase classname="runner.HomeRun" name="getPageTitle" time="0.055"/>
  <testcase classname="runner.HomeRun" name="getPageUrl" time="0.041"/>
  <testcase classname="runner.HomeRun" name="verifyRevenueCalculatorOption" time="0.314"/>
  <testcase classname="runner.HomeRun" name="verifyscrollingToSliderSection" time="3.013"/>
  <testcase classname="runner.HomeRun" name="verifyEnterValueOnTextBox" time="3.581"/>
  <testcase classname="runner.HomeRun" name="verifySliderMoveToTargetPosition" time="43.069"/>
  <testcase classname="runner.HomeRun" name="verifyCheckBoxOptions" time="1.326"/>
  <testcase classname="runner.HomeRun" name="verifyTotalRecurringReimbursement" time="0.163"/>
</testsuite> <!-- runner.HomeRun -->
